<?xml version="1.0" encoding="UTF-8"?>
<!-- Generated by org.testng.reporters.JUnitXMLReporter -->
<testsuite ignored="0" hostname="DESKTOP-AGCT3BE" failures="0" tests="5" name="Default test" time="7.574" errors="0" timestamp="2025-06-29T12:51:22 IST">
  <testcase classname="api.ApiTest" name="getAuthenticatedUser" time="0.643"/>
  <testcase classname="api.ApiTest" name="createCartForUser" time="0.581"/>
  <testcase classname="api.ApiTest" name="updateProductInfo" time="0.634"/>
  <testcase classname="api.ApiTest" name="validateProductSchema" time="1.002"/>
  <testcase classname="api.ApiTest" name="loginWithInvalidCredentials" time="0.568"/>
</testsuite> <!-- Default test -->
