<?xml version="1.0" encoding="UTF-8"?>
<!-- Generated by org.testng.reporters.JUnitXMLReporter -->
<testsuite ignored="0" hostname="DESKTOP-AGCT3BE" failures="0" tests="5" name="ApiTests" time="7.461" errors="0" timestamp="2025-06-29T12:52:40 IST">
  <testcase classname="api.ApiTest" name="getAuthenticatedUser" time="0.63"/>
  <testcase classname="api.ApiTest" name="createCartForUser" time="0.617"/>
  <testcase classname="api.ApiTest" name="updateProductInfo" time="0.678"/>
  <testcase classname="api.ApiTest" name="validateProductSchema" time="1.028"/>
  <testcase classname="api.ApiTest" name="loginWithInvalidCredentials" time="0.585"/>
</testsuite> <!-- ApiTests -->
