<?xml version="1.0" encoding="UTF-8"?>
<testng-results ignored="0" total="5" passed="5" failed="0" skipped="0">
  <reporter-output>
  </reporter-output>
  <suite started-at="2025-06-29T13:38:59 IST" name="Default suite" finished-at="2025-06-29T13:39:07 IST" duration-ms="7702">
    <groups>
    </groups>
    <test started-at="2025-06-29T13:38:59 IST" name="Default test" finished-at="2025-06-29T13:39:07 IST" duration-ms="7702">
      <class name="api.ApiTest">
        <test-method is-config="true" signature="setup()[pri:0, instance:api.ApiTest@22ff4249]" started-at="2025-06-29T13:38:59 IST" name="setup" finished-at="2025-06-29T13:39:03 IST" duration-ms="3956" status="PASS">
          <reporter-output>
          </reporter-output>
        </test-method> <!-- setup -->
        <test-method signature="getAuthenticatedUser()[pri:1, instance:api.ApiTest@22ff4249]" started-at="2025-06-29T13:39:03 IST" name="getAuthenticatedUser" finished-at="2025-06-29T13:39:04 IST" duration-ms="651" status="PASS">
          <reporter-output>
          </reporter-output>
        </test-method> <!-- getAuthenticatedUser -->
        <test-method signature="createCartForUser()[pri:2, instance:api.ApiTest@22ff4249]" started-at="2025-06-29T13:39:04 IST" name="createCartForUser" finished-at="2025-06-29T13:39:05 IST" duration-ms="593" status="PASS">
          <reporter-output>
          </reporter-output>
        </test-method> <!-- createCartForUser -->
        <test-method signature="updateProductInfo()[pri:3, instance:api.ApiTest@22ff4249]" started-at="2025-06-29T13:39:05 IST" name="updateProductInfo" finished-at="2025-06-29T13:39:05 IST" duration-ms="593" status="PASS">
          <reporter-output>
          </reporter-output>
        </test-method> <!-- updateProductInfo -->
        <test-method signature="validateProductSchema()[pri:4, instance:api.ApiTest@22ff4249]" started-at="2025-06-29T13:39:05 IST" name="validateProductSchema" finished-at="2025-06-29T13:39:07 IST" duration-ms="1266" status="PASS">
          <reporter-output>
          </reporter-output>
        </test-method> <!-- validateProductSchema -->
        <test-method signature="loginWithInvalidCredentials()[pri:5, instance:api.ApiTest@22ff4249]" started-at="2025-06-29T13:39:07 IST" name="loginWithInvalidCredentials" finished-at="2025-06-29T13:39:07 IST" duration-ms="562" status="PASS">
          <reporter-output>
          </reporter-output>
        </test-method> <!-- loginWithInvalidCredentials -->
      </class> <!-- api.ApiTest -->
    </test> <!-- Default test -->
  </suite> <!-- Default suite -->
</testng-results>
