<?xml version="1.0" encoding="UTF-8"?>
<testng-results ignored="0" total="1" passed="1" failed="0" skipped="0">
  <reporter-output>
  </reporter-output>
  <suite started-at="2025-06-29T12:52:54 IST" name="automation" finished-at="2025-06-29T12:53:06 IST" duration-ms="11861">
    <groups>
    </groups>
    <test started-at="2025-06-29T12:52:54 IST" name="UITest" finished-at="2025-06-29T12:53:06 IST" duration-ms="11861">
      <class name="tests.UITest">
        <test-method signature="completeFlowTest()[pri:0, instance:tests.UITest@557caf28]" started-at="2025-06-29T12:52:54 IST" name="completeFlowTest" finished-at="2025-06-29T12:53:05 IST" duration-ms="10479" status="PASS">
          <reporter-output>
          </reporter-output>
        </test-method> <!-- completeFlowTest -->
        <test-method is-config="true" signature="tearDown()[pri:0, instance:tests.UITest@557caf28]" started-at="2025-06-29T12:53:05 IST" name="tearDown" finished-at="2025-06-29T12:53:06 IST" duration-ms="1318" status="PASS">
          <reporter-output>
          </reporter-output>
        </test-method> <!-- tearDown -->
      </class> <!-- tests.UITest -->
    </test> <!-- UITest -->
  </suite> <!-- automation -->
</testng-results>
